2024-06-05T08:20:40  fix: handle empty input gracefully
2024-06-25T15:37:47  perf: micro-optimization
2024-07-22T10:54:54  style: formatting
2024-08-19T17:11:01  chore: bump dev tooling
2024-09-15T12:28:08  docs: expand examples
2024-10-13T19:45:15  test: strengthen coverage
2024-11-09T14:02:22  chore: tune defaults
2024-12-07T09:19:29  refactor: simplify helper
2025-01-03T16:36:36  chore: routine maintenance
2025-01-24T11:53:43  docs: clarify usage notes
2025-02-20T18:10:50  test: add edge case
2025-03-20T13:27:57  refactor: tidy internals
2025-03-23T08:44:04  fix: handle empty input gracefully
2025-04-20T15:01:11  perf: micro-optimization
2025-05-17T10:18:18  style: formatting
2025-06-14T17:35:25  chore: bump dev tooling
2025-07-11T12:52:32  docs: expand examples
2025-08-07T19:09:39  test: strengthen coverage
2025-08-28T14:26:46  chore: tune defaults
2025-09-24T09:43:53  refactor: simplify helper
2025-10-22T16:00:00  chore: routine maintenance
2025-11-18T11:17:07  docs: clarify usage notes
2025-11-22T18:34:14  test: add edge case
2025-12-19T13:51:21  refactor: tidy internals
2026-01-16T08:08:28  fix: handle empty input gracefully
2026-02-12T15:25:35  perf: micro-optimization
2026-03-05T10:42:42  style: formatting
2026-04-01T17:59:49  chore: bump dev tooling
2026-04-29T12:16:56  docs: expand examples
2026-05-26T19:33:03  test: strengthen coverage
2024-09-21T08:20:40  refactor: future me will understand this
2024-11-04T15:37:47  test: it's not flaky, you're flaky
2025-02-27T10:54:54  chore: routine maintenance
2025-03-27T17:11:01  docs: clarify usage notes
2025-07-20T12:28:08  test: add edge case
2025-11-12T19:45:15  refactor: tidy internals
